Using pre-set license

 COMMAND LINE ARGUMENTS:
/Applications/Unity/Hub/Editor/2020.3.8f1/Unity.app/Contents/MacOS/Unity
-adb2
-batchMode
-noUpm
-name
AssetImportWorker0
-projectPath
/Users/irynavolodymyrova/Desktop/GitHub/RealmRush
-logFile
Logs/AssetImportWorker0.log
-srvPort
51669
Successfully changed project path to: /Users/irynavolodymyrova/Desktop/GitHub/RealmRush
/Users/irynavolodymyrova/Desktop/GitHub/RealmRush
Using Asset Import Pipeline V2.
Refreshing native plugins compatible for Editor in 49.03 ms, found 2 plugins.
Preloading 0 native plugins for Editor in 0.00 ms.
Initialize engine version: 2020.3.8f1 (507919d4fff5)
[Subsystems] Discovering subsystems at path /Applications/Unity/Hub/Editor/2020.3.8f1/Unity.app/Contents/Resources/UnitySubsystems
[Subsystems] Discovering subsystems at path /Users/irynavolodymyrova/Desktop/GitHub/RealmRush/Assets
GfxDevice: creating device client; threaded=0
2022-01-23 16:08:52.817 Unity[3250:103352] S27D850 preferred device: NVIDIA GeForce GT 650M (high power)
2022-01-23 16:08:52.817 Unity[3250:103352] Metal devices available: 2
2022-01-23 16:08:52.817 Unity[3250:103352] 0: NVIDIA GeForce GT 650M (high power)
2022-01-23 16:08:52.817 Unity[3250:103352] 1: Intel HD Graphics 4000 (low power)
2022-01-23 16:08:52.817 Unity[3250:103352] Using device NVIDIA GeForce GT 650M (high power)
Initializing Metal device caps: NVIDIA GeForce GT 650M
Initialize mono
Mono path[0] = '/Applications/Unity/Hub/Editor/2020.3.8f1/Unity.app/Contents/Managed'
Mono path[1] = '/Applications/Unity/Hub/Editor/2020.3.8f1/Unity.app/Contents/MonoBleedingEdge/lib/mono/unityjit'
Mono config path = '/Applications/Unity/Hub/Editor/2020.3.8f1/Unity.app/Contents/MonoBleedingEdge/etc'
Using monoOptions --debugger-agent=transport=dt_socket,embedding=1,server=y,suspend=n,address=127.0.0.1:56250
Begin MonoManager ReloadAssembly
Error scanning for extension ivy.xml files: System.UnauthorizedAccessException: Access to the path '/Applications/Unity/Hub/Editor/2020.3.8f1/PlaybackEngines/WebGLSupport/BuildTools/Emscripten_Mac/node' is denied.
  at System.IO.__Error.WinIOError (System.Int32 errorCode, System.String maybeFullPath) [0x00129] in <695d1cc93cca45069c528c15c9fdd749>:0 
  at System.IO.FileSystemEnumerableIterator`1[TSource].HandleError (System.Int32 hr, System.String path) [0x00006] in <695d1cc93cca45069c528c15c9fdd749>:0 
  at System.IO.FileSystemEnumerableIterator`1[TSource].AddSearchableDirsToStack (System.IO.Directory+SearchData localSearchData) [0x00053] in <695d1cc93cca45069c528c15c9fdd749>:0 
  at System.IO.FileSystemEnumerableIterator`1[TSource].MoveNext () [0x0008e] in <695d1cc93cca45069c528c15c9fdd749>:0 
  at System.Collections.Generic.List`1[T]..ctor (System.Collections.Generic.IEnumerable`1[T] collection) [0x00077] in <695d1cc93cca45069c528c15c9fdd749>:0 
  at System.IO.Directory.InternalGetFileDirectoryNames (System.String path, System.String userPathOriginal, System.String searchPattern, System.Boolean includeFiles, System.Boolean includeDirs, System.IO.SearchOption searchOption, System.Boolean checkHost) [0x0000f] in <695d1cc93cca45069c528c15c9fdd749>:0 
  at System.IO.Directory.InternalGetFiles (System.String path, System.String searchPattern, System.IO.SearchOption searchOption) [0x00000] in <695d1cc93cca45069c528c15c9fdd749>:0 
  at System.IO.Directory.GetFiles (System.String path, System.String searchPattern, System.IO.SearchOption searchOption) [0x00038] in <695d1cc93cca45069c528c15c9fdd749>:0 
  at UnityEditor.Modules.ModuleManager.LoadLegacyExtensionsFromIvyFiles () [0x000a5] in /Users/bokken/buildslave/unity/build/Editor/Mono/Modules/ModuleManager.cs:253 
Registering precompiled unity dll's ...
Register platform support module: /Applications/Unity/Hub/Editor/2020.3.8f1/PlaybackEngines/WebGLSupport/UnityEditor.WebGL.Extensions.dll
Register platform support module: /Applications/Unity/Hub/Editor/2020.3.8f1/Unity.app/Contents/PlaybackEngines/MacStandaloneSupport/UnityEditor.OSXStandalone.Extensions.dll
Registered in 0.001135 seconds.
Native extension for OSXStandalone target not found
Native extension for WebGL target not found
Refreshing native plugins compatible for Editor in 45.03 ms, found 2 plugins.
Preloading 0 native plugins for Editor in 0.00 ms.
Mono: successfully reloaded assembly
- Completed reload, in  2.670 seconds
Platform modules already initialized, skipping
Registering precompiled user dll's ...
Registered in 0.002437 seconds.
Begin MonoManager ReloadAssembly
Native extension for OSXStandalone target not found
Native extension for WebGL target not found
Refreshing native plugins compatible for Editor in 0.45 ms, found 2 plugins.
Preloading 0 native plugins for Editor in 0.00 ms.
Mono: successfully reloaded assembly
- Completed reload, in  1.776 seconds
Platform modules already initialized, skipping
========================================================================
Worker process is ready to serve import requests
Launching external process: /Applications/Unity/Hub/Editor/2020.3.8f1/Unity.app/Contents/Tools/UnityShaderCompiler
Launched and connected shader compiler UnityShaderCompiler after 0.02 seconds
Refreshing native plugins compatible for Editor in 0.44 ms, found 2 plugins.
Preloading 0 native plugins for Editor in 0.00 ms.
Unloading 1459 Unused Serialized files (Serialized files now loaded: 0)
System memory in use before: 148.1 MB.
System memory in use after: 148.2 MB.

Unloading 19 unused Assets to reduce memory usage. Loaded Objects now: 1905.
Total: 2.989131 ms (FindLiveObjects: 0.233866 ms CreateObjectMapping: 0.110455 ms MarkObjects: 2.552543 ms  DeleteObjects: 0.091125 ms)

========================================================================
Received Import Request.
  path: Assets/Editor/CoordinateLabeler.cs
  artifactKey: Guid(eae31a2eb88e94fd48320e2117fe818c) Importer(815301076,1909f56bfc062723c751e8b465ee728b)
Start importing Assets/Editor/CoordinateLabeler.cs using Guid(eae31a2eb88e94fd48320e2117fe818c) Importer(815301076,1909f56bfc062723c751e8b465ee728b)  -> (artifact id: '01987a82227e5f9cb7e150b4b1c2b7f5') in 0.325905 seconds
  Import took 0.329118 seconds .

========================================================================
Received Prepare
Refreshing native plugins compatible for Editor in 2.52 ms, found 2 plugins.
Preloading 0 native plugins for Editor in 0.00 ms.
Unloading 12 Unused Serialized files (Serialized files now loaded: 0)
System memory in use before: 122.6 MB.
System memory in use after: 122.8 MB.

Unloading 12 unused Assets to reduce memory usage. Loaded Objects now: 1905.
Total: 2.362450 ms (FindLiveObjects: 0.181792 ms CreateObjectMapping: 0.057313 ms MarkObjects: 2.109384 ms  DeleteObjects: 0.012975 ms)

========================================================================
Received Prepare
Registering precompiled user dll's ...
Registered in 0.003289 seconds.
Begin MonoManager ReloadAssembly
Native extension for OSXStandalone target not found
Native extension for WebGL target not found
Refreshing native plugins compatible for Editor in 0.46 ms, found 2 plugins.
Preloading 0 native plugins for Editor in 0.00 ms.
Mono: successfully reloaded assembly
- Completed reload, in  1.593 seconds
Platform modules already initialized, skipping
Refreshing native plugins compatible for Editor in 0.45 ms, found 2 plugins.
Preloading 0 native plugins for Editor in 0.00 ms.
Unloading 1440 Unused Serialized files (Serialized files now loaded: 0)
System memory in use before: 151.3 MB.
System memory in use after: 151.4 MB.

Unloading 14 unused Assets to reduce memory usage. Loaded Objects now: 1907.
Total: 2.426394 ms (FindLiveObjects: 0.175715 ms CreateObjectMapping: 0.056379 ms MarkObjects: 2.173326 ms  DeleteObjects: 0.019596 ms)

========================================================================
Received Prepare
Registering precompiled user dll's ...
Registered in 0.002340 seconds.
Begin MonoManager ReloadAssembly
Native extension for OSXStandalone target not found
Native extension for WebGL target not found
Refreshing native plugins compatible for Editor in 0.47 ms, found 2 plugins.
Preloading 0 native plugins for Editor in 0.00 ms.
Mono: successfully reloaded assembly
- Completed reload, in  1.609 seconds
Platform modules already initialized, skipping
Refreshing native plugins compatible for Editor in 0.46 ms, found 2 plugins.
Preloading 0 native plugins for Editor in 0.00 ms.
Unloading 1440 Unused Serialized files (Serialized files now loaded: 0)
System memory in use before: 151.4 MB.
System memory in use after: 151.5 MB.

Unloading 14 unused Assets to reduce memory usage. Loaded Objects now: 1909.
Total: 2.824804 ms (FindLiveObjects: 0.221622 ms CreateObjectMapping: 0.108518 ms MarkObjects: 2.472446 ms  DeleteObjects: 0.020946 ms)

========================================================================
Received Prepare
Registering precompiled user dll's ...
Registered in 0.011134 seconds.
Begin MonoManager ReloadAssembly
Native extension for OSXStandalone target not found
Native extension for WebGL target not found
Refreshing native plugins compatible for Editor in 1.48 ms, found 2 plugins.
Preloading 0 native plugins for Editor in 0.00 ms.
Mono: successfully reloaded assembly
- Completed reload, in  9.342 seconds
Platform modules already initialized, skipping
Refreshing native plugins compatible for Editor in 1.14 ms, found 2 plugins.
Preloading 0 native plugins for Editor in 0.00 ms.
Unloading 1440 Unused Serialized files (Serialized files now loaded: 0)
System memory in use before: 151.8 MB.
System memory in use after: 151.9 MB.

Unloading 14 unused Assets to reduce memory usage. Loaded Objects now: 1911.
Total: 7.453921 ms (FindLiveObjects: 0.424579 ms CreateObjectMapping: 0.179835 ms MarkObjects: 6.801092 ms  DeleteObjects: 0.044822 ms)

========================================================================
Received Import Request.
  Time since last request: 4433.649673 seconds.
  path: Assets/PathFinding
  artifactKey: Guid(6e68bdbef743d4c75b5dedb2119a313b) Importer(815301076,1909f56bfc062723c751e8b465ee728b)
Start importing Assets/PathFinding using Guid(6e68bdbef743d4c75b5dedb2119a313b) Importer(815301076,1909f56bfc062723c751e8b465ee728b)  -> (artifact id: 'e69c5148559f64edf9bfecb9e7af4066') in 0.005726 seconds
  Import took 0.009774 seconds .

========================================================================
Received Import Request.
  Time since last request: 10.557692 seconds.
  path: Assets/PathFinding/Node.cs
  artifactKey: Guid(462084c282134463ead663f0672ec7fb) Importer(815301076,1909f56bfc062723c751e8b465ee728b)
Start importing Assets/PathFinding/Node.cs using Guid(462084c282134463ead663f0672ec7fb) Importer(815301076,1909f56bfc062723c751e8b465ee728b)  -> (artifact id: '1fbf1695b177d235b72cfceca47a3d9f') in 0.004278 seconds
  Import took 0.007745 seconds .

========================================================================
Received Prepare
Registering precompiled user dll's ...
Registered in 0.003986 seconds.
Begin MonoManager ReloadAssembly
Native extension for OSXStandalone target not found
Native extension for WebGL target not found
Refreshing native plugins compatible for Editor in 0.47 ms, found 2 plugins.
Preloading 0 native plugins for Editor in 0.00 ms.
Mono: successfully reloaded assembly
- Completed reload, in  2.217 seconds
Platform modules already initialized, skipping
Refreshing native plugins compatible for Editor in 0.77 ms, found 2 plugins.
Preloading 0 native plugins for Editor in 0.00 ms.
Unloading 1441 Unused Serialized files (Serialized files now loaded: 0)
System memory in use before: 152.0 MB.
System memory in use after: 152.1 MB.

Unloading 14 unused Assets to reduce memory usage. Loaded Objects now: 1914.
Total: 2.995729 ms (FindLiveObjects: 0.227519 ms CreateObjectMapping: 0.112608 ms MarkObjects: 2.632056 ms  DeleteObjects: 0.022009 ms)

========================================================================
Received Import Request.
  Time since last request: 250.374908 seconds.
  path: Assets/PathFinding/Node.cs
  artifactKey: Guid(462084c282134463ead663f0672ec7fb) Importer(815301076,1909f56bfc062723c751e8b465ee728b)
Start importing Assets/PathFinding/Node.cs using Guid(462084c282134463ead663f0672ec7fb) Importer(815301076,1909f56bfc062723c751e8b465ee728b)  -> (artifact id: '79d8f54cdfdbff4d225950155f46d8da') in 0.007102 seconds
  Import took 0.012932 seconds .

========================================================================
Received Prepare
Registering precompiled user dll's ...
Registered in 0.002274 seconds.
Begin MonoManager ReloadAssembly
Native extension for OSXStandalone target not found
Native extension for WebGL target not found
Refreshing native plugins compatible for Editor in 0.55 ms, found 2 plugins.
Preloading 0 native plugins for Editor in 0.00 ms.
Mono: successfully reloaded assembly
- Completed reload, in  1.655 seconds
Platform modules already initialized, skipping
Refreshing native plugins compatible for Editor in 0.47 ms, found 2 plugins.
Preloading 0 native plugins for Editor in 0.00 ms.
Unloading 1441 Unused Serialized files (Serialized files now loaded: 0)
System memory in use before: 152.2 MB.
System memory in use after: 152.3 MB.

Unloading 14 unused Assets to reduce memory usage. Loaded Objects now: 1916.
Total: 2.496323 ms (FindLiveObjects: 0.160483 ms CreateObjectMapping: 0.062754 ms MarkObjects: 2.250805 ms  DeleteObjects: 0.021125 ms)

========================================================================
Received Import Request.
  Time since last request: 310.211375 seconds.
  path: Assets/PathFinding/Node.cs
  artifactKey: Guid(462084c282134463ead663f0672ec7fb) Importer(815301076,1909f56bfc062723c751e8b465ee728b)
Start importing Assets/PathFinding/Node.cs using Guid(462084c282134463ead663f0672ec7fb) Importer(815301076,1909f56bfc062723c751e8b465ee728b)  -> (artifact id: '373058ef1801915d1b478f7d0daf998e') in 0.007182 seconds
  Import took 0.010343 seconds .

========================================================================
Received Prepare
Registering precompiled user dll's ...
Registered in 0.002463 seconds.
Begin MonoManager ReloadAssembly
Native extension for OSXStandalone target not found
Native extension for WebGL target not found
Refreshing native plugins compatible for Editor in 0.51 ms, found 2 plugins.
Preloading 0 native plugins for Editor in 0.00 ms.
Mono: successfully reloaded assembly
- Completed reload, in  1.725 seconds
Platform modules already initialized, skipping
Refreshing native plugins compatible for Editor in 0.57 ms, found 2 plugins.
Preloading 0 native plugins for Editor in 0.00 ms.
Unloading 1441 Unused Serialized files (Serialized files now loaded: 0)
System memory in use before: 152.4 MB.
System memory in use after: 152.5 MB.

Unloading 14 unused Assets to reduce memory usage. Loaded Objects now: 1918.
Total: 2.970546 ms (FindLiveObjects: 0.263319 ms CreateObjectMapping: 0.143868 ms MarkObjects: 2.540261 ms  DeleteObjects: 0.021731 ms)

========================================================================
Received Import Request.
  Time since last request: 23.953162 seconds.
  path: Assets/PathFinding/GridManager.cs
  artifactKey: Guid(8317f82195d674250b8130a9ccaab034) Importer(815301076,1909f56bfc062723c751e8b465ee728b)
Start importing Assets/PathFinding/GridManager.cs using Guid(8317f82195d674250b8130a9ccaab034) Importer(815301076,1909f56bfc062723c751e8b465ee728b)  -> (artifact id: '5b408f8c05df6920a4749a43e0948dcd') in 0.009059 seconds
  Import took 0.013350 seconds .

========================================================================
Received Prepare
Registering precompiled user dll's ...
Registered in 0.002660 seconds.
Begin MonoManager ReloadAssembly
Native extension for OSXStandalone target not found
Native extension for WebGL target not found
Refreshing native plugins compatible for Editor in 0.56 ms, found 2 plugins.
Preloading 0 native plugins for Editor in 0.00 ms.
Mono: successfully reloaded assembly
- Completed reload, in  1.892 seconds
Platform modules already initialized, skipping
Refreshing native plugins compatible for Editor in 0.45 ms, found 2 plugins.
Preloading 0 native plugins for Editor in 0.00 ms.
Unloading 1442 Unused Serialized files (Serialized files now loaded: 0)
System memory in use before: 152.6 MB.
System memory in use after: 152.7 MB.

Unloading 14 unused Assets to reduce memory usage. Loaded Objects now: 1921.
Total: 2.524984 ms (FindLiveObjects: 0.176798 ms CreateObjectMapping: 0.054588 ms MarkObjects: 2.269772 ms  DeleteObjects: 0.022473 ms)

========================================================================
Received Prepare
Registering precompiled user dll's ...
Registered in 0.002566 seconds.
Begin MonoManager ReloadAssembly
Native extension for OSXStandalone target not found
Native extension for WebGL target not found
Refreshing native plugins compatible for Editor in 0.45 ms, found 2 plugins.
Preloading 0 native plugins for Editor in 0.00 ms.
Mono: successfully reloaded assembly
- Completed reload, in  1.661 seconds
Platform modules already initialized, skipping
Refreshing native plugins compatible for Editor in 0.71 ms, found 2 plugins.
Preloading 0 native plugins for Editor in 0.00 ms.
Unloading 1442 Unused Serialized files (Serialized files now loaded: 0)
System memory in use before: 152.9 MB.
System memory in use after: 153.0 MB.

Unloading 14 unused Assets to reduce memory usage. Loaded Objects now: 1923.
Total: 2.475432 ms (FindLiveObjects: 0.198489 ms CreateObjectMapping: 0.057246 ms MarkObjects: 2.196433 ms  DeleteObjects: 0.021847 ms)

========================================================================
Received Import Request.
  Time since last request: 138.174742 seconds.
  path: Assets/PathFinding/GridManager.cs
  artifactKey: Guid(8317f82195d674250b8130a9ccaab034) Importer(815301076,1909f56bfc062723c751e8b465ee728b)
Start importing Assets/PathFinding/GridManager.cs using Guid(8317f82195d674250b8130a9ccaab034) Importer(815301076,1909f56bfc062723c751e8b465ee728b)  -> (artifact id: 'dcf8feae0b1ab0383c5919caae681314') in 0.006637 seconds
  Import took 0.010093 seconds .

========================================================================
Received Prepare
Registering precompiled user dll's ...
Registered in 0.002435 seconds.
Begin MonoManager ReloadAssembly
Native extension for OSXStandalone target not found
Native extension for WebGL target not found
Refreshing native plugins compatible for Editor in 0.46 ms, found 2 plugins.
Preloading 0 native plugins for Editor in 0.00 ms.
Mono: successfully reloaded assembly
- Completed reload, in  1.689 seconds
Platform modules already initialized, skipping
Refreshing native plugins compatible for Editor in 0.50 ms, found 2 plugins.
Preloading 0 native plugins for Editor in 0.00 ms.
Unloading 1442 Unused Serialized files (Serialized files now loaded: 0)
System memory in use before: 153.1 MB.
System memory in use after: 153.2 MB.

Unloading 14 unused Assets to reduce memory usage. Loaded Objects now: 1925.
Total: 3.356498 ms (FindLiveObjects: 0.410683 ms CreateObjectMapping: 0.159334 ms MarkObjects: 2.754915 ms  DeleteObjects: 0.029754 ms)

========================================================================
Received Prepare
Registering precompiled user dll's ...
Registered in 0.002343 seconds.
Begin MonoManager ReloadAssembly
Native extension for OSXStandalone target not found
Native extension for WebGL target not found
Refreshing native plugins compatible for Editor in 0.44 ms, found 2 plugins.
Preloading 0 native plugins for Editor in 0.00 ms.
Mono: successfully reloaded assembly
- Completed reload, in  1.687 seconds
Platform modules already initialized, skipping
Refreshing native plugins compatible for Editor in 0.46 ms, found 2 plugins.
Preloading 0 native plugins for Editor in 0.00 ms.
Unloading 1442 Unused Serialized files (Serialized files now loaded: 0)
System memory in use before: 153.2 MB.
System memory in use after: 153.4 MB.

Unloading 14 unused Assets to reduce memory usage. Loaded Objects now: 1927.
Total: 2.828943 ms (FindLiveObjects: 0.221756 ms CreateObjectMapping: 0.109529 ms MarkObjects: 2.476678 ms  DeleteObjects: 0.019589 ms)

========================================================================
Received Prepare
Registering precompiled user dll's ...
Registered in 0.002235 seconds.
Begin MonoManager ReloadAssembly
Native extension for OSXStandalone target not found
Native extension for WebGL target not found
Refreshing native plugins compatible for Editor in 0.46 ms, found 2 plugins.
Preloading 0 native plugins for Editor in 0.00 ms.
Mono: successfully reloaded assembly
- Completed reload, in  1.675 seconds
Platform modules already initialized, skipping
Refreshing native plugins compatible for Editor in 0.55 ms, found 2 plugins.
Preloading 0 native plugins for Editor in 0.00 ms.
Unloading 1442 Unused Serialized files (Serialized files now loaded: 0)
System memory in use before: 153.4 MB.
System memory in use after: 153.5 MB.

Unloading 14 unused Assets to reduce memory usage. Loaded Objects now: 1929.
Total: 2.434988 ms (FindLiveObjects: 0.189553 ms CreateObjectMapping: 0.067565 ms MarkObjects: 2.158827 ms  DeleteObjects: 0.017811 ms)

========================================================================
Received Prepare
Registering precompiled user dll's ...
Registered in 0.004543 seconds.
Begin MonoManager ReloadAssembly
Native extension for OSXStandalone target not found
Native extension for WebGL target not found
Refreshing native plugins compatible for Editor in 0.57 ms, found 2 plugins.
Preloading 0 native plugins for Editor in 0.00 ms.
Mono: successfully reloaded assembly
- Completed reload, in  2.465 seconds
Platform modules already initialized, skipping
Refreshing native plugins compatible for Editor in 0.50 ms, found 2 plugins.
Preloading 0 native plugins for Editor in 0.00 ms.
Unloading 1442 Unused Serialized files (Serialized files now loaded: 0)
System memory in use before: 153.5 MB.
System memory in use after: 153.7 MB.

Unloading 14 unused Assets to reduce memory usage. Loaded Objects now: 1931.
Total: 3.194097 ms (FindLiveObjects: 0.237410 ms CreateObjectMapping: 0.116506 ms MarkObjects: 2.815092 ms  DeleteObjects: 0.023587 ms)

========================================================================
Received Import Request.
  Time since last request: 6495.356146 seconds.
  path: Assets/Enemy/EnemyHealth.cs
  artifactKey: Guid(53c0e6c12202d4e949e9e23f1c788744) Importer(815301076,1909f56bfc062723c751e8b465ee728b)
Start importing Assets/Enemy/EnemyHealth.cs using Guid(53c0e6c12202d4e949e9e23f1c788744) Importer(815301076,1909f56bfc062723c751e8b465ee728b)  -> (artifact id: '086b21a0893cbac2cd508acb0e257644') in 0.007717 seconds
  Import took 0.012878 seconds .

========================================================================
Received Import Request.
  Time since last request: 0.002797 seconds.
  path: Assets/Enemy/EnemyHealth.cs
  artifactKey: Guid(53c0e6c12202d4e949e9e23f1c788744) Importer(815301076,1909f56bfc062723c751e8b465ee728b)
Start importing Assets/Enemy/EnemyHealth.cs using Guid(53c0e6c12202d4e949e9e23f1c788744) Importer(815301076,1909f56bfc062723c751e8b465ee728b)  -> (artifact id: '086b21a0893cbac2cd508acb0e257644') in 0.002224 seconds
  Import took 0.007748 seconds .

========================================================================
Received Import Request.
  Time since last request: 0.667577 seconds.
  path: Assets/Enemy/ObjectPool.cs
  artifactKey: Guid(5973067dce6e44419a6103afbfc3c9a8) Importer(815301076,1909f56bfc062723c751e8b465ee728b)
Start importing Assets/Enemy/ObjectPool.cs using Guid(5973067dce6e44419a6103afbfc3c9a8) Importer(815301076,1909f56bfc062723c751e8b465ee728b)  -> (artifact id: 'e680d140ac71d771145cff8b1f2e93a8') in 0.002245 seconds
  Import took 0.006151 seconds .

========================================================================
Received Import Request.
  Time since last request: 0.000414 seconds.
  path: Assets/Enemy/ObjectPool.cs
  artifactKey: Guid(5973067dce6e44419a6103afbfc3c9a8) Importer(815301076,1909f56bfc062723c751e8b465ee728b)
Start importing Assets/Enemy/ObjectPool.cs using Guid(5973067dce6e44419a6103afbfc3c9a8) Importer(815301076,1909f56bfc062723c751e8b465ee728b)  -> (artifact id: 'e680d140ac71d771145cff8b1f2e93a8') in 0.002023 seconds
  Import took 0.005377 seconds .

========================================================================
Received Import Request.
  Time since last request: 0.698277 seconds.
  path: Assets/Enemy/EnemyMover.cs
  artifactKey: Guid(347b55c654d8046938516aee874941da) Importer(815301076,1909f56bfc062723c751e8b465ee728b)
Start importing Assets/Enemy/EnemyMover.cs using Guid(347b55c654d8046938516aee874941da) Importer(815301076,1909f56bfc062723c751e8b465ee728b)  -> (artifact id: 'c8c79bb7049d421fecd4bf39d3061f43') in 0.002596 seconds
  Import took 0.006406 seconds .

========================================================================
Received Import Request.
  Time since last request: 46.139484 seconds.
  path: Assets/PathFinding/GridManager.cs
  artifactKey: Guid(8317f82195d674250b8130a9ccaab034) Importer(815301076,1909f56bfc062723c751e8b465ee728b)
Start importing Assets/PathFinding/GridManager.cs using Guid(8317f82195d674250b8130a9ccaab034) Importer(815301076,1909f56bfc062723c751e8b465ee728b)  -> (artifact id: '5311ee535b44a9db1c9fe1e1a12c3aaf') in 0.002043 seconds
  Import took 0.005691 seconds .

========================================================================
Received Import Request.
  Time since last request: 127.187955 seconds.
  path: Assets/PathFinding/GridManager.cs
  artifactKey: Guid(8317f82195d674250b8130a9ccaab034) Importer(815301076,1909f56bfc062723c751e8b465ee728b)
Start importing Assets/PathFinding/GridManager.cs using Guid(8317f82195d674250b8130a9ccaab034) Importer(815301076,1909f56bfc062723c751e8b465ee728b)  -> (artifact id: 'dc949558f224f434a0df2a96ff4a6710') in 0.003636 seconds
  Import took 0.009253 seconds .

========================================================================
Received Prepare
Registering precompiled user dll's ...
Registered in 0.004037 seconds.
Begin MonoManager ReloadAssembly
Native extension for OSXStandalone target not found
Native extension for WebGL target not found
Refreshing native plugins compatible for Editor in 0.48 ms, found 2 plugins.
Preloading 0 native plugins for Editor in 0.00 ms.
Mono: successfully reloaded assembly
- Completed reload, in  1.634 seconds
Platform modules already initialized, skipping
Refreshing native plugins compatible for Editor in 0.45 ms, found 2 plugins.
Preloading 0 native plugins for Editor in 0.00 ms.
Unloading 1442 Unused Serialized files (Serialized files now loaded: 0)
System memory in use before: 153.7 MB.
System memory in use after: 153.8 MB.

Unloading 14 unused Assets to reduce memory usage. Loaded Objects now: 1933.
Total: 2.405474 ms (FindLiveObjects: 0.168180 ms CreateObjectMapping: 0.054361 ms MarkObjects: 2.163871 ms  DeleteObjects: 0.017765 ms)

========================================================================
Received Import Request.
  Time since last request: 10964.435344 seconds.
  path: Assets/PathFinding/GridManager.cs
  artifactKey: Guid(8317f82195d674250b8130a9ccaab034) Importer(815301076,1909f56bfc062723c751e8b465ee728b)
Start importing Assets/PathFinding/GridManager.cs using Guid(8317f82195d674250b8130a9ccaab034) Importer(815301076,1909f56bfc062723c751e8b465ee728b)  -> (artifact id: '21cb45f5468637f683217ce45ad7c1ac') in 0.008199 seconds
  Import took 0.013006 seconds .

========================================================================
Received Prepare
Registering precompiled user dll's ...
Registered in 0.004762 seconds.
Begin MonoManager ReloadAssembly
Native extension for OSXStandalone target not found
Native extension for WebGL target not found
Refreshing native plugins compatible for Editor in 0.51 ms, found 2 plugins.
Preloading 0 native plugins for Editor in 0.00 ms.
Mono: successfully reloaded assembly
- Completed reload, in  1.885 seconds
Platform modules already initialized, skipping
Refreshing native plugins compatible for Editor in 0.52 ms, found 2 plugins.
Preloading 0 native plugins for Editor in 0.00 ms.
Unloading 1442 Unused Serialized files (Serialized files now loaded: 0)
System memory in use before: 153.9 MB.
System memory in use after: 154.0 MB.

Unloading 14 unused Assets to reduce memory usage. Loaded Objects now: 1935.
Total: 3.041795 ms (FindLiveObjects: 0.221723 ms CreateObjectMapping: 0.092635 ms MarkObjects: 2.700221 ms  DeleteObjects: 0.025696 ms)

========================================================================
Received Prepare
Registering precompiled user dll's ...
Registered in 0.003988 seconds.
Begin MonoManager ReloadAssembly
Native extension for OSXStandalone target not found
Native extension for WebGL target not found
Refreshing native plugins compatible for Editor in 0.45 ms, found 2 plugins.
Preloading 0 native plugins for Editor in 0.00 ms.
Mono: successfully reloaded assembly
- Completed reload, in  1.763 seconds
Platform modules already initialized, skipping
Refreshing native plugins compatible for Editor in 0.45 ms, found 2 plugins.
Preloading 0 native plugins for Editor in 0.00 ms.
Unloading 1442 Unused Serialized files (Serialized files now loaded: 0)
System memory in use before: 154.1 MB.
System memory in use after: 154.2 MB.

Unloading 14 unused Assets to reduce memory usage. Loaded Objects now: 1937.
Total: 2.795781 ms (FindLiveObjects: 0.229123 ms CreateObjectMapping: 0.109374 ms MarkObjects: 2.437234 ms  DeleteObjects: 0.018767 ms)

========================================================================
Received Prepare
Registering precompiled user dll's ...
Registered in 0.004211 seconds.
Begin MonoManager ReloadAssembly
Native extension for OSXStandalone target not found
Native extension for WebGL target not found
Refreshing native plugins compatible for Editor in 0.57 ms, found 2 plugins.
Preloading 0 native plugins for Editor in 0.00 ms.
Mono: successfully reloaded assembly
- Completed reload, in  1.828 seconds
Platform modules already initialized, skipping
Refreshing native plugins compatible for Editor in 0.46 ms, found 2 plugins.
Preloading 0 native plugins for Editor in 0.00 ms.
Unloading 1442 Unused Serialized files (Serialized files now loaded: 0)
System memory in use before: 154.3 MB.
System memory in use after: 154.4 MB.

Unloading 14 unused Assets to reduce memory usage. Loaded Objects now: 1939.
Total: 4.371080 ms (FindLiveObjects: 0.297850 ms CreateObjectMapping: 0.152175 ms MarkObjects: 3.891594 ms  DeleteObjects: 0.027243 ms)

========================================================================
Received Prepare
Registering precompiled user dll's ...
Registered in 0.004792 seconds.
Begin MonoManager ReloadAssembly
Native extension for OSXStandalone target not found
Native extension for WebGL target not found
Refreshing native plugins compatible for Editor in 0.46 ms, found 2 plugins.
Preloading 0 native plugins for Editor in 0.00 ms.
Mono: successfully reloaded assembly
- Completed reload, in  1.834 seconds
Platform modules already initialized, skipping
Refreshing native plugins compatible for Editor in 0.57 ms, found 2 plugins.
Preloading 0 native plugins for Editor in 0.00 ms.
Unloading 1442 Unused Serialized files (Serialized files now loaded: 0)
System memory in use before: 154.5 MB.
System memory in use after: 154.6 MB.

Unloading 14 unused Assets to reduce memory usage. Loaded Objects now: 1941.
Total: 3.444053 ms (FindLiveObjects: 0.234706 ms CreateObjectMapping: 0.119438 ms MarkObjects: 3.063037 ms  DeleteObjects: 0.025126 ms)

========================================================================
Received Import Request.
  Time since last request: 661.270661 seconds.
  path: Assets/PathFinding/Pathfinder.cs
  artifactKey: Guid(c6088da3834de4cdf9a05ed2a1eed317) Importer(815301076,1909f56bfc062723c751e8b465ee728b)
Start importing Assets/PathFinding/Pathfinder.cs using Guid(c6088da3834de4cdf9a05ed2a1eed317) Importer(815301076,1909f56bfc062723c751e8b465ee728b)  -> (artifact id: 'ddbfb3f21f8dd17fec11b502eaf6905c') in 0.008575 seconds
  Import took 0.012762 seconds .

========================================================================
Received Prepare
Registering precompiled user dll's ...
Registered in 0.002409 seconds.
Begin MonoManager ReloadAssembly
Native extension for OSXStandalone target not found
Native extension for WebGL target not found
Refreshing native plugins compatible for Editor in 0.48 ms, found 2 plugins.
Preloading 0 native plugins for Editor in 0.00 ms.
Mono: successfully reloaded assembly
- Completed reload, in  1.789 seconds
Platform modules already initialized, skipping
Refreshing native plugins compatible for Editor in 0.46 ms, found 2 plugins.
Preloading 0 native plugins for Editor in 0.00 ms.
Unloading 1443 Unused Serialized files (Serialized files now loaded: 0)
System memory in use before: 154.7 MB.
System memory in use after: 154.8 MB.

Unloading 14 unused Assets to reduce memory usage. Loaded Objects now: 1944.
Total: 3.770041 ms (FindLiveObjects: 0.384308 ms CreateObjectMapping: 0.151953 ms MarkObjects: 3.210353 ms  DeleteObjects: 0.021399 ms)

========================================================================
Received Prepare
Registering precompiled user dll's ...
Registered in 0.004460 seconds.
Begin MonoManager ReloadAssembly
Native extension for OSXStandalone target not found
Native extension for WebGL target not found
Refreshing native plugins compatible for Editor in 0.47 ms, found 2 plugins.
Preloading 0 native plugins for Editor in 0.00 ms.
Mono: successfully reloaded assembly
- Completed reload, in  1.750 seconds
Platform modules already initialized, skipping
Refreshing native plugins compatible for Editor in 0.45 ms, found 2 plugins.
Preloading 0 native plugins for Editor in 0.00 ms.
Unloading 1443 Unused Serialized files (Serialized files now loaded: 0)
System memory in use before: 154.9 MB.
System memory in use after: 155.0 MB.

Unloading 14 unused Assets to reduce memory usage. Loaded Objects now: 1946.
Total: 2.508614 ms (FindLiveObjects: 0.195699 ms CreateObjectMapping: 0.070282 ms MarkObjects: 2.220375 ms  DeleteObjects: 0.021016 ms)

========================================================================
Received Import Request.
  Time since last request: 438.019279 seconds.
  path: Assets/PathFinding/Pathfinder.cs
  artifactKey: Guid(c6088da3834de4cdf9a05ed2a1eed317) Importer(815301076,1909f56bfc062723c751e8b465ee728b)
Start importing Assets/PathFinding/Pathfinder.cs using Guid(c6088da3834de4cdf9a05ed2a1eed317) Importer(815301076,1909f56bfc062723c751e8b465ee728b)  -> (artifact id: 'c3d809af9b53327237894bf0e7172311') in 0.006345 seconds
  Import took 0.010555 seconds .

========================================================================
Received Prepare
Registering precompiled user dll's ...
Registered in 0.003892 seconds.
Begin MonoManager ReloadAssembly
Native extension for OSXStandalone target not found
Native extension for WebGL target not found
Refreshing native plugins compatible for Editor in 0.45 ms, found 2 plugins.
Preloading 0 native plugins for Editor in 0.00 ms.
Mono: successfully reloaded assembly
- Completed reload, in  1.749 seconds
Platform modules already initialized, skipping
Refreshing native plugins compatible for Editor in 0.45 ms, found 2 plugins.
Preloading 0 native plugins for Editor in 0.00 ms.
Unloading 1443 Unused Serialized files (Serialized files now loaded: 0)
System memory in use before: 155.1 MB.
System memory in use after: 155.2 MB.

Unloading 14 unused Assets to reduce memory usage. Loaded Objects now: 1948.
Total: 2.581823 ms (FindLiveObjects: 0.191021 ms CreateObjectMapping: 0.068906 ms MarkObjects: 2.302305 ms  DeleteObjects: 0.018369 ms)

========================================================================
Received Import Request.
  Time since last request: 241.082221 seconds.
  path: Assets/PathFinding/Pathfinder.cs
  artifactKey: Guid(c6088da3834de4cdf9a05ed2a1eed317) Importer(815301076,1909f56bfc062723c751e8b465ee728b)
Start importing Assets/PathFinding/Pathfinder.cs using Guid(c6088da3834de4cdf9a05ed2a1eed317) Importer(815301076,1909f56bfc062723c751e8b465ee728b)  -> (artifact id: 'bd0ae6be0047d1c9af672a99b2c41b61') in 0.007686 seconds
  Import took 0.012127 seconds .

========================================================================
Received Prepare
Registering precompiled user dll's ...
Registered in 0.004199 seconds.
Begin MonoManager ReloadAssembly
Native extension for OSXStandalone target not found
Native extension for WebGL target not found
Refreshing native plugins compatible for Editor in 0.48 ms, found 2 plugins.
Preloading 0 native plugins for Editor in 0.00 ms.
Mono: successfully reloaded assembly
- Completed reload, in  1.763 seconds
Platform modules already initialized, skipping
Refreshing native plugins compatible for Editor in 0.52 ms, found 2 plugins.
Preloading 0 native plugins for Editor in 0.00 ms.
Unloading 1443 Unused Serialized files (Serialized files now loaded: 0)
System memory in use before: 155.3 MB.
System memory in use after: 155.4 MB.

Unloading 14 unused Assets to reduce memory usage. Loaded Objects now: 1950.
Total: 2.874161 ms (FindLiveObjects: 0.219668 ms CreateObjectMapping: 0.106844 ms MarkObjects: 2.524712 ms  DeleteObjects: 0.020337 ms)

========================================================================
Received Import Request.
  Time since last request: 27.246345 seconds.
  path: Assets/PathFinding/Pathfinder.cs
  artifactKey: Guid(c6088da3834de4cdf9a05ed2a1eed317) Importer(815301076,1909f56bfc062723c751e8b465ee728b)
Start importing Assets/PathFinding/Pathfinder.cs using Guid(c6088da3834de4cdf9a05ed2a1eed317) Importer(815301076,1909f56bfc062723c751e8b465ee728b)  -> (artifact id: '9de3d3bb160f78b08ada27459b3ba009') in 0.006990 seconds
  Import took 0.011179 seconds .

========================================================================
Received Prepare
Registering precompiled user dll's ...
Registered in 0.003946 seconds.
Begin MonoManager ReloadAssembly
Native extension for OSXStandalone target not found
Native extension for WebGL target not found
Refreshing native plugins compatible for Editor in 0.52 ms, found 2 plugins.
Preloading 0 native plugins for Editor in 0.00 ms.
Mono: successfully reloaded assembly
- Completed reload, in  1.883 seconds
Platform modules already initialized, skipping
Refreshing native plugins compatible for Editor in 0.46 ms, found 2 plugins.
Preloading 0 native plugins for Editor in 0.00 ms.
Unloading 1443 Unused Serialized files (Serialized files now loaded: 0)
System memory in use before: 155.5 MB.
System memory in use after: 155.6 MB.

Unloading 14 unused Assets to reduce memory usage. Loaded Objects now: 1952.
Total: 4.172756 ms (FindLiveObjects: 0.225851 ms CreateObjectMapping: 0.122378 ms MarkObjects: 3.790487 ms  DeleteObjects: 0.032470 ms)

========================================================================
Received Prepare
Registering precompiled user dll's ...
Registered in 0.002372 seconds.
Begin MonoManager ReloadAssembly
Native extension for OSXStandalone target not found
Native extension for WebGL target not found
Refreshing native plugins compatible for Editor in 0.53 ms, found 2 plugins.
Preloading 0 native plugins for Editor in 0.00 ms.
Mono: successfully reloaded assembly
- Completed reload, in  1.884 seconds
Platform modules already initialized, skipping
Refreshing native plugins compatible for Editor in 0.47 ms, found 2 plugins.
Preloading 0 native plugins for Editor in 0.00 ms.
Unloading 1443 Unused Serialized files (Serialized files now loaded: 0)
System memory in use before: 155.7 MB.
System memory in use after: 155.8 MB.

Unloading 14 unused Assets to reduce memory usage. Loaded Objects now: 1954.
Total: 3.090631 ms (FindLiveObjects: 0.294074 ms CreateObjectMapping: 0.137447 ms MarkObjects: 2.636135 ms  DeleteObjects: 0.021562 ms)

========================================================================
Received Prepare
Registering precompiled user dll's ...
Registered in 0.003616 seconds.
Begin MonoManager ReloadAssembly
Native extension for OSXStandalone target not found
Native extension for WebGL target not found
Refreshing native plugins compatible for Editor in 0.54 ms, found 2 plugins.
Preloading 0 native plugins for Editor in 0.00 ms.
Mono: successfully reloaded assembly
- Completed reload, in  2.048 seconds
Platform modules already initialized, skipping
Refreshing native plugins compatible for Editor in 0.57 ms, found 2 plugins.
Preloading 0 native plugins for Editor in 0.00 ms.
Unloading 1443 Unused Serialized files (Serialized files now loaded: 0)
System memory in use before: 155.8 MB.
System memory in use after: 156.0 MB.

Unloading 14 unused Assets to reduce memory usage. Loaded Objects now: 1956.
Total: 3.307669 ms (FindLiveObjects: 0.259656 ms CreateObjectMapping: 0.122169 ms MarkObjects: 2.901698 ms  DeleteObjects: 0.022515 ms)

========================================================================
Received Prepare
Registering precompiled user dll's ...
Registered in 0.003987 seconds.
Begin MonoManager ReloadAssembly
Native extension for OSXStandalone target not found
Native extension for WebGL target not found
Refreshing native plugins compatible for Editor in 0.47 ms, found 2 plugins.
Preloading 0 native plugins for Editor in 0.00 ms.
Mono: successfully reloaded assembly
- Completed reload, in  1.789 seconds
Platform modules already initialized, skipping
Refreshing native plugins compatible for Editor in 0.56 ms, found 2 plugins.
Preloading 0 native plugins for Editor in 0.00 ms.
Unloading 1443 Unused Serialized files (Serialized files now loaded: 0)
System memory in use before: 156.0 MB.
System memory in use after: 156.1 MB.

Unloading 14 unused Assets to reduce memory usage. Loaded Objects now: 1958.
Total: 3.169875 ms (FindLiveObjects: 0.257702 ms CreateObjectMapping: 0.086562 ms MarkObjects: 2.793037 ms  DeleteObjects: 0.030030 ms)

========================================================================
Received Prepare
Registering precompiled user dll's ...
Registered in 0.004841 seconds.
Begin MonoManager ReloadAssembly
Native extension for OSXStandalone target not found
Native extension for WebGL target not found
Refreshing native plugins compatible for Editor in 0.44 ms, found 2 plugins.
Preloading 0 native plugins for Editor in 0.00 ms.
Mono: successfully reloaded assembly
- Completed reload, in  1.772 seconds
Platform modules already initialized, skipping
Refreshing native plugins compatible for Editor in 0.44 ms, found 2 plugins.
Preloading 0 native plugins for Editor in 0.00 ms.
Unloading 1443 Unused Serialized files (Serialized files now loaded: 0)
System memory in use before: 156.2 MB.
System memory in use after: 156.3 MB.

Unloading 14 unused Assets to reduce memory usage. Loaded Objects now: 1960.
Total: 2.848396 ms (FindLiveObjects: 0.395073 ms CreateObjectMapping: 0.079033 ms MarkObjects: 2.341214 ms  DeleteObjects: 0.031522 ms)

========================================================================
Received Prepare
Registering precompiled user dll's ...
Registered in 0.004069 seconds.
Begin MonoManager ReloadAssembly
Native extension for OSXStandalone target not found
Native extension for WebGL target not found
Refreshing native plugins compatible for Editor in 0.45 ms, found 2 plugins.
Preloading 0 native plugins for Editor in 0.00 ms.
Mono: successfully reloaded assembly
- Completed reload, in  1.769 seconds
Platform modules already initialized, skipping
Refreshing native plugins compatible for Editor in 0.47 ms, found 2 plugins.
Preloading 0 native plugins for Editor in 0.00 ms.
Unloading 1443 Unused Serialized files (Serialized files now loaded: 0)
System memory in use before: 156.4 MB.
System memory in use after: 156.5 MB.

Unloading 14 unused Assets to reduce memory usage. Loaded Objects now: 1962.
Total: 2.779349 ms (FindLiveObjects: 0.230550 ms CreateObjectMapping: 0.088097 ms MarkObjects: 2.439316 ms  DeleteObjects: 0.020117 ms)

========================================================================
Received Prepare
Registering precompiled user dll's ...
Registered in 0.004068 seconds.
Begin MonoManager ReloadAssembly
Native extension for OSXStandalone target not found
Native extension for WebGL target not found
Refreshing native plugins compatible for Editor in 0.47 ms, found 2 plugins.
Preloading 0 native plugins for Editor in 0.00 ms.
Mono: successfully reloaded assembly
- Completed reload, in  1.796 seconds
Platform modules already initialized, skipping
Refreshing native plugins compatible for Editor in 0.48 ms, found 2 plugins.
Preloading 0 native plugins for Editor in 0.00 ms.
Unloading 1443 Unused Serialized files (Serialized files now loaded: 0)
System memory in use before: 156.6 MB.
System memory in use after: 156.7 MB.

Unloading 14 unused Assets to reduce memory usage. Loaded Objects now: 1964.
Total: 2.519985 ms (FindLiveObjects: 0.239038 ms CreateObjectMapping: 0.127153 ms MarkObjects: 2.133113 ms  DeleteObjects: 0.019559 ms)

========================================================================
Received Prepare
Registering precompiled user dll's ...
Registered in 0.003988 seconds.
Begin MonoManager ReloadAssembly
Native extension for OSXStandalone target not found
Native extension for WebGL target not found
Refreshing native plugins compatible for Editor in 0.49 ms, found 2 plugins.
Preloading 0 native plugins for Editor in 0.00 ms.
Mono: successfully reloaded assembly
- Completed reload, in  1.785 seconds
Platform modules already initialized, skipping
Refreshing native plugins compatible for Editor in 0.45 ms, found 2 plugins.
Preloading 0 native plugins for Editor in 0.00 ms.
Unloading 1443 Unused Serialized files (Serialized files now loaded: 0)
System memory in use before: 156.8 MB.
System memory in use after: 156.9 MB.

Unloading 14 unused Assets to reduce memory usage. Loaded Objects now: 1966.
Total: 3.011401 ms (FindLiveObjects: 0.267420 ms CreateObjectMapping: 0.125011 ms MarkObjects: 2.594068 ms  DeleteObjects: 0.023554 ms)

========================================================================
Received Prepare
Registering precompiled user dll's ...
Registered in 0.004218 seconds.
Begin MonoManager ReloadAssembly
Native extension for OSXStandalone target not found
Native extension for WebGL target not found
Refreshing native plugins compatible for Editor in 0.54 ms, found 2 plugins.
Preloading 0 native plugins for Editor in 0.00 ms.
Mono: successfully reloaded assembly
- Completed reload, in  2.272 seconds
Platform modules already initialized, skipping
Refreshing native plugins compatible for Editor in 0.59 ms, found 2 plugins.
Preloading 0 native plugins for Editor in 0.00 ms.
Unloading 1443 Unused Serialized files (Serialized files now loaded: 0)
System memory in use before: 156.9 MB.
System memory in use after: 157.1 MB.

Unloading 14 unused Assets to reduce memory usage. Loaded Objects now: 1968.
Total: 3.478575 ms (FindLiveObjects: 0.281160 ms CreateObjectMapping: 0.139890 ms MarkObjects: 3.031216 ms  DeleteObjects: 0.024278 ms)

========================================================================
Received Prepare
Registering precompiled user dll's ...
Registered in 0.002859 seconds.
Begin MonoManager ReloadAssembly
Native extension for OSXStandalone target not found
Native extension for WebGL target not found
Refreshing native plugins compatible for Editor in 0.62 ms, found 2 plugins.
Preloading 0 native plugins for Editor in 0.00 ms.
Mono: successfully reloaded assembly
- Completed reload, in  2.581 seconds
Platform modules already initialized, skipping
Refreshing native plugins compatible for Editor in 0.64 ms, found 2 plugins.
Preloading 0 native plugins for Editor in 0.00 ms.
Unloading 1443 Unused Serialized files (Serialized files now loaded: 0)
System memory in use before: 157.1 MB.
System memory in use after: 157.2 MB.

Unloading 14 unused Assets to reduce memory usage. Loaded Objects now: 1970.
Total: 4.611895 ms (FindLiveObjects: 0.272365 ms CreateObjectMapping: 0.115938 ms MarkObjects: 4.182659 ms  DeleteObjects: 0.038919 ms)

========================================================================
Received Prepare
Registering precompiled user dll's ...
Registered in 0.020525 seconds.
Begin MonoManager ReloadAssembly
Native extension for OSXStandalone target not found
Native extension for WebGL target not found
Refreshing native plugins compatible for Editor in 1.45 ms, found 2 plugins.
Preloading 0 native plugins for Editor in 0.00 ms.
Mono: successfully reloaded assembly
- Completed reload, in  8.992 seconds
Platform modules already initialized, skipping
Refreshing native plugins compatible for Editor in 1.22 ms, found 2 plugins.
Preloading 0 native plugins for Editor in 0.00 ms.
Unloading 1443 Unused Serialized files (Serialized files now loaded: 0)
System memory in use before: 157.3 MB.
System memory in use after: 157.4 MB.

Unloading 14 unused Assets to reduce memory usage. Loaded Objects now: 1972.
Total: 9.223749 ms (FindLiveObjects: 0.547846 ms CreateObjectMapping: 0.204077 ms MarkObjects: 8.399323 ms  DeleteObjects: 0.068107 ms)

========================================================================
Received Prepare
Registering precompiled user dll's ...
Registered in 0.010408 seconds.
Begin MonoManager ReloadAssembly
Native extension for OSXStandalone target not found
Native extension for WebGL target not found
Refreshing native plugins compatible for Editor in 1.36 ms, found 2 plugins.
Preloading 0 native plugins for Editor in 0.00 ms.
Mono: successfully reloaded assembly
- Completed reload, in  5.385 seconds
Platform modules already initialized, skipping
Refreshing native plugins compatible for Editor in 2.24 ms, found 2 plugins.
Preloading 0 native plugins for Editor in 0.00 ms.
Unloading 1443 Unused Serialized files (Serialized files now loaded: 0)
System memory in use before: 157.5 MB.
System memory in use after: 157.6 MB.

Unloading 14 unused Assets to reduce memory usage. Loaded Objects now: 1974.
Total: 12.156366 ms (FindLiveObjects: 1.228313 ms CreateObjectMapping: 0.471449 ms MarkObjects: 10.386671 ms  DeleteObjects: 0.064551 ms)

========================================================================
Received Prepare
Registering precompiled user dll's ...
Registered in 0.009031 seconds.
Begin MonoManager ReloadAssembly
Native extension for OSXStandalone target not found
Native extension for WebGL target not found
Refreshing native plugins compatible for Editor in 1.04 ms, found 2 plugins.
Preloading 0 native plugins for Editor in 0.00 ms.
Mono: successfully reloaded assembly
- Completed reload, in  4.721 seconds
Platform modules already initialized, skipping
Refreshing native plugins compatible for Editor in 1.19 ms, found 2 plugins.
Preloading 0 native plugins for Editor in 0.00 ms.
Unloading 1443 Unused Serialized files (Serialized files now loaded: 0)
System memory in use before: 157.7 MB.
System memory in use after: 157.8 MB.

Unloading 14 unused Assets to reduce memory usage. Loaded Objects now: 1976.
Total: 9.920120 ms (FindLiveObjects: 0.660511 ms CreateObjectMapping: 0.294069 ms MarkObjects: 8.893915 ms  DeleteObjects: 0.066773 ms)

========================================================================
Received Prepare
Registering precompiled user dll's ...
Registered in 0.004448 seconds.
Begin MonoManager ReloadAssembly
Native extension for OSXStandalone target not found
Native extension for WebGL target not found
Refreshing native plugins compatible for Editor in 0.47 ms, found 2 plugins.
Preloading 0 native plugins for Editor in 0.00 ms.
Mono: successfully reloaded assembly
- Completed reload, in  1.901 seconds
Platform modules already initialized, skipping
Refreshing native plugins compatible for Editor in 0.61 ms, found 2 plugins.
Preloading 0 native plugins for Editor in 0.00 ms.
Unloading 1443 Unused Serialized files (Serialized files now loaded: 0)
System memory in use before: 157.9 MB.
System memory in use after: 158.0 MB.

Unloading 14 unused Assets to reduce memory usage. Loaded Objects now: 1978.
Total: 3.435982 ms (FindLiveObjects: 0.261149 ms CreateObjectMapping: 0.129653 ms MarkObjects: 3.018983 ms  DeleteObjects: 0.024631 ms)

========================================================================
Received Prepare
Registering precompiled user dll's ...
Registered in 0.006080 seconds.
Begin MonoManager ReloadAssembly
Native extension for OSXStandalone target not found
Native extension for WebGL target not found
Refreshing native plugins compatible for Editor in 0.54 ms, found 2 plugins.
Preloading 0 native plugins for Editor in 0.00 ms.
Mono: successfully reloaded assembly
- Completed reload, in  2.137 seconds
Platform modules already initialized, skipping
Refreshing native plugins compatible for Editor in 0.46 ms, found 2 plugins.
Preloading 0 native plugins for Editor in 0.00 ms.
Unloading 1443 Unused Serialized files (Serialized files now loaded: 0)
System memory in use before: 158.1 MB.
System memory in use after: 158.2 MB.

Unloading 14 unused Assets to reduce memory usage. Loaded Objects now: 1980.
Total: 2.432256 ms (FindLiveObjects: 0.178367 ms CreateObjectMapping: 0.057027 ms MarkObjects: 2.176390 ms  DeleteObjects: 0.019083 ms)

========================================================================
Received Prepare
Registering precompiled user dll's ...
Registered in 0.002382 seconds.
Begin MonoManager ReloadAssembly
Native extension for OSXStandalone target not found
Native extension for WebGL target not found
Refreshing native plugins compatible for Editor in 0.46 ms, found 2 plugins.
Preloading 0 native plugins for Editor in 0.00 ms.
Mono: successfully reloaded assembly
- Completed reload, in  1.693 seconds
Platform modules already initialized, skipping
Refreshing native plugins compatible for Editor in 0.46 ms, found 2 plugins.
Preloading 0 native plugins for Editor in 0.00 ms.
Unloading 1443 Unused Serialized files (Serialized files now loaded: 0)
System memory in use before: 158.2 MB.
System memory in use after: 158.4 MB.

Unloading 14 unused Assets to reduce memory usage. Loaded Objects now: 1982.
Total: 3.232141 ms (FindLiveObjects: 0.272154 ms CreateObjectMapping: 0.129156 ms MarkObjects: 2.808080 ms  DeleteObjects: 0.020801 ms)

========================================================================
Received Import Request.
  Time since last request: 2897.936105 seconds.
  path: Assets/Environment/Tile.cs
  artifactKey: Guid(60c59b29432db4862b2c2cf0402e161b) Importer(815301076,1909f56bfc062723c751e8b465ee728b)
Start importing Assets/Environment/Tile.cs using Guid(60c59b29432db4862b2c2cf0402e161b) Importer(815301076,1909f56bfc062723c751e8b465ee728b)  -> (artifact id: 'adf8920e1f9fb050d54f58008d5521f2') in 0.006456 seconds
  Import took 0.010256 seconds .

========================================================================
Received Import Request.
  Time since last request: 0.044035 seconds.
  path: Assets/PathFinding/Node.cs
  artifactKey: Guid(462084c282134463ead663f0672ec7fb) Importer(815301076,1909f56bfc062723c751e8b465ee728b)
Start importing Assets/PathFinding/Node.cs using Guid(462084c282134463ead663f0672ec7fb) Importer(815301076,1909f56bfc062723c751e8b465ee728b)  -> (artifact id: 'b24dd4a05e7e421c49ecf54aead3903a') in 0.002058 seconds
  Import took 0.005440 seconds .

========================================================================
Received Prepare
Registering precompiled user dll's ...
Registered in 0.003876 seconds.
Begin MonoManager ReloadAssembly
Native extension for OSXStandalone target not found
Native extension for WebGL target not found
Refreshing native plugins compatible for Editor in 0.49 ms, found 2 plugins.
Preloading 0 native plugins for Editor in 0.00 ms.
Mono: successfully reloaded assembly
- Completed reload, in  1.814 seconds
Platform modules already initialized, skipping
Refreshing native plugins compatible for Editor in 0.46 ms, found 2 plugins.
Preloading 0 native plugins for Editor in 0.00 ms.
Unloading 1443 Unused Serialized files (Serialized files now loaded: 0)
System memory in use before: 158.4 MB.
System memory in use after: 158.5 MB.

Unloading 14 unused Assets to reduce memory usage. Loaded Objects now: 1984.
Total: 2.868771 ms (FindLiveObjects: 0.219869 ms CreateObjectMapping: 0.112507 ms MarkObjects: 2.506634 ms  DeleteObjects: 0.028603 ms)

========================================================================
Received Import Request.
  Time since last request: 40.209676 seconds.
  path: Assets/Environment/Tile.cs
  artifactKey: Guid(60c59b29432db4862b2c2cf0402e161b) Importer(815301076,1909f56bfc062723c751e8b465ee728b)
Start importing Assets/Environment/Tile.cs using Guid(60c59b29432db4862b2c2cf0402e161b) Importer(815301076,1909f56bfc062723c751e8b465ee728b)  -> (artifact id: '7bdefe56f9f0f1e2fce31ca01d9d9c07') in 0.005237 seconds
  Import took 0.009236 seconds .

========================================================================
Received Prepare
Registering precompiled user dll's ...
Registered in 0.004179 seconds.
Begin MonoManager ReloadAssembly
Native extension for OSXStandalone target not found
Native extension for WebGL target not found
Refreshing native plugins compatible for Editor in 0.47 ms, found 2 plugins.
Preloading 0 native plugins for Editor in 0.00 ms.
Mono: successfully reloaded assembly
- Completed reload, in  1.683 seconds
Platform modules already initialized, skipping
Refreshing native plugins compatible for Editor in 0.50 ms, found 2 plugins.
Preloading 0 native plugins for Editor in 0.00 ms.
Unloading 1443 Unused Serialized files (Serialized files now loaded: 0)
System memory in use before: 158.6 MB.
System memory in use after: 158.7 MB.

Unloading 14 unused Assets to reduce memory usage. Loaded Objects now: 1986.
Total: 2.647017 ms (FindLiveObjects: 0.194560 ms CreateObjectMapping: 0.104212 ms MarkObjects: 2.324470 ms  DeleteObjects: 0.022257 ms)

========================================================================
Received Prepare
Registering precompiled user dll's ...
Registered in 0.002487 seconds.
Begin MonoManager ReloadAssembly
Native extension for OSXStandalone target not found
Native extension for WebGL target not found
Refreshing native plugins compatible for Editor in 0.46 ms, found 2 plugins.
Preloading 0 native plugins for Editor in 0.00 ms.
Mono: successfully reloaded assembly
- Completed reload, in  1.647 seconds
Platform modules already initialized, skipping
Refreshing native plugins compatible for Editor in 0.62 ms, found 2 plugins.
Preloading 0 native plugins for Editor in 0.00 ms.
Unloading 1443 Unused Serialized files (Serialized files now loaded: 0)
System memory in use before: 158.8 MB.
System memory in use after: 158.9 MB.

Unloading 14 unused Assets to reduce memory usage. Loaded Objects now: 1988.
Total: 2.524744 ms (FindLiveObjects: 0.186974 ms CreateObjectMapping: 0.061100 ms MarkObjects: 2.256657 ms  DeleteObjects: 0.018746 ms)

